07-01-2022 14:43:32.299 [Gauge] [DEBUG] Created gauge_screenshots_dir at C:\Users\navin\Desktop\Projects\GaugeProjectTest\.gauge\screenshots
07-01-2022 14:43:32.302 [Gauge] [DEBUG] Plugin java is already installed.
07-01-2022 14:43:32.303 [Gauge] [DEBUG] Plugin html-report is already installed.
07-01-2022 14:43:32.304 [Gauge] [INFO] Installing required plugins.
07-01-2022 14:43:32.304 [Gauge] [DEBUG] Installing plugin 'screenshot'
07-01-2022 14:43:32.304 [Gauge] [DEBUG] Gathering metadata for screenshot
07-01-2022 14:43:32.306 [Gauge] [DEBUG] Downloading https://downloads.gauge.org/plugin/screenshot?l=java&p=flash,html-report,java&o=windows&a=amd64
07-01-2022 14:43:37.062 [Gauge] [DEBUG] Downloading https://github.com/getgauge/gauge_screenshot/releases/download/v0.1.0/screenshot-0.1.0-windows.x86_64.zip
07-01-2022 14:43:37.983 [Gauge] [DEBUG] Checking updates...
07-01-2022 14:43:37.988 [Gauge] [DEBUG] Downloading https://downloads.gauge.org/plugin/flash?l=java&p=flash,html-report,java&o=windows&a=amd64
07-01-2022 14:43:38.301 [Gauge] [DEBUG] Downloading https://downloads.gauge.org/plugin/html-report?l=java&p=flash,html-report,java&o=windows&a=amd64
07-01-2022 14:43:38.701 [Gauge] [DEBUG] Downloading https://downloads.gauge.org/plugin/java?l=java&p=flash,html-report,java&o=windows&a=amd64
07-01-2022 14:43:48.602 [Gauge] [DEBUG] Installing plugin screenshot 0.1.0
07-01-2022 14:43:48.629 [Gauge] [INFO] Successfully installed plugin 'screenshot' version 0.1.0
07-01-2022 14:43:48.629 [Gauge] [DEBUG] Parsing started.
07-01-2022 14:43:48.630 [Gauge] [DEBUG] Started concepts parsing.
07-01-2022 14:43:48.639 [Gauge] [DEBUG] 0 concepts parsing completed.
07-01-2022 14:43:48.639 [Gauge] [DEBUG] Started specifications parsing.
07-01-2022 14:43:48.641 [Gauge] [DEBUG] 1 specifications parsing completed.
07-01-2022 14:43:48.641 [Gauge] [DEBUG] Parsing completed.
07-01-2022 14:43:48.946 [java] [DEBUG] ***** Printing Properties/Env Values *****
07-01-2022 14:43:48.946 [java] [DEBUG] PATH: C:\Program Files (x86)\Common Files\Oracle\Java\javapath;C:\WINDOWS\system32;C:\WINDOWS;C:\WINDOWS\System32\Wbem;C:\WINDOWS\System32\WindowsPowerShell\v1.0\;C:\WINDOWS\System32\OpenSSH\;C:\Program Files\Intel\WiFi\bin\;C:\Program Files\Common Files\Intel\WirelessCommon\;C:\Program Files\Java\jdk1.8.0_251\bin;C:\Maven\apache-maven-3.6.3\bin;C:\Program Files\nodejs\;C:\Program Files\Git\cmd;C:\Program Files\Gauge\bin;C:\Program Files\MySQL\MySQL Shell 8.0\bin\;C:\Users\navin\AppData\Local\Microsoft\WindowsApps;C:\Users\navin\AppData\Roaming\npm;;C:\Users\navin\AppData\Roaming\gauge\plugins\screenshot\0.1.0
07-01-2022 14:43:48.946 [java] [DEBUG] JAVA_HOME: C:\Program Files\Java\jdk1.8.0_251
07-01-2022 14:43:48.946 [java] [DEBUG] gauge_project_root: C:\Users\navin\Desktop\Projects\GaugeProjectTest
07-01-2022 14:43:48.946 [java] [DEBUG] gauge_parallel_streams_count: 8
07-01-2022 14:43:48.947 [java] [DEBUG] gauge_reports_dir: reports
07-01-2022 14:43:48.947 [java] [DEBUG] overwrite_reports: true
07-01-2022 14:43:48.947 [java] [DEBUG] logs_directory: logs
07-01-2022 14:43:48.947 [java] [DEBUG] enable_multithreading: false
07-01-2022 14:43:48.947 [java] [DEBUG] gauge_specs_dir: specs
07-01-2022 14:43:48.947 [java] [DEBUG] csv_delimiter: ,
07-01-2022 14:43:48.947 [java] [DEBUG] gauge_java_home: 
07-01-2022 14:43:48.947 [java] [DEBUG] gauge_custom_build_path: 
07-01-2022 14:43:48.947 [java] [DEBUG] gauge_additional_libs: libs/*
07-01-2022 14:43:48.947 [java] [DEBUG] gauge_jvm_args: 
07-01-2022 14:43:48.947 [java] [DEBUG] gauge_custom_compile_dir: 
07-01-2022 14:43:48.947 [java] [DEBUG] gauge_clear_state_level: scenario
07-01-2022 14:43:48.947 [java] [DEBUG] ***** END *****
07-01-2022 14:44:18.916 [Gauge] [CRITICAL] Failed to start gauge API: Timed out connecting to java
07-01-2022 14:46:05.174 [Gauge] [DEBUG] Created gauge_screenshots_dir at C:\Users\navin\Desktop\Projects\GaugeProjectTest\.gauge\screenshots
07-01-2022 14:46:05.179 [Gauge] [DEBUG] Plugin java is already installed.
07-01-2022 14:46:05.180 [Gauge] [DEBUG] Plugin html-report is already installed.
07-01-2022 14:46:05.181 [Gauge] [DEBUG] Parsing started.
07-01-2022 14:46:05.181 [Gauge] [DEBUG] Started concepts parsing.
07-01-2022 14:46:05.188 [Gauge] [DEBUG] 0 concepts parsing completed.
07-01-2022 14:46:05.189 [Gauge] [DEBUG] Started specifications parsing.
07-01-2022 14:46:05.189 [Gauge] [DEBUG] 1 specifications parsing completed.
07-01-2022 14:46:05.189 [Gauge] [DEBUG] Parsing completed.
07-01-2022 14:46:05.238 [java] [DEBUG] ***** Printing Properties/Env Values *****
07-01-2022 14:46:05.238 [java] [DEBUG] PATH: C:\Program Files (x86)\Common Files\Oracle\Java\javapath;C:\WINDOWS\system32;C:\WINDOWS;C:\WINDOWS\System32\Wbem;C:\WINDOWS\System32\WindowsPowerShell\v1.0\;C:\WINDOWS\System32\OpenSSH\;C:\Program Files\Intel\WiFi\bin\;C:\Program Files\Common Files\Intel\WirelessCommon\;C:\Program Files\Java\jdk1.8.0_251\bin;C:\Maven\apache-maven-3.6.3\bin;C:\Program Files\nodejs\;C:\Program Files\Git\cmd;C:\Program Files\Gauge\bin;C:\Program Files\MySQL\MySQL Shell 8.0\bin\;C:\Users\navin\AppData\Local\Microsoft\WindowsApps;C:\Users\navin\AppData\Roaming\npm;;C:\Users\navin\AppData\Roaming\gauge\plugins\screenshot\0.1.0
07-01-2022 14:46:05.238 [java] [DEBUG] JAVA_HOME: C:\Program Files\Java\jdk1.8.0_251
07-01-2022 14:46:05.238 [java] [DEBUG] gauge_project_root: C:\Users\navin\Desktop\Projects\GaugeProjectTest
07-01-2022 14:46:05.238 [java] [DEBUG] gauge_parallel_streams_count: 8
07-01-2022 14:46:05.238 [java] [DEBUG] gauge_reports_dir: reports
07-01-2022 14:46:05.238 [java] [DEBUG] overwrite_reports: true
07-01-2022 14:46:05.238 [java] [DEBUG] logs_directory: logs
07-01-2022 14:46:05.238 [java] [DEBUG] enable_multithreading: false
07-01-2022 14:46:05.238 [java] [DEBUG] gauge_specs_dir: specs
07-01-2022 14:46:05.238 [java] [DEBUG] csv_delimiter: ,
07-01-2022 14:46:05.238 [java] [DEBUG] gauge_java_home: 
07-01-2022 14:46:05.238 [java] [DEBUG] gauge_custom_build_path: 
07-01-2022 14:46:05.238 [java] [DEBUG] gauge_additional_libs: libs/*
07-01-2022 14:46:05.238 [java] [DEBUG] gauge_jvm_args: 
07-01-2022 14:46:05.238 [java] [DEBUG] gauge_custom_compile_dir: 
07-01-2022 14:46:05.238 [java] [DEBUG] gauge_clear_state_level: scenario
07-01-2022 14:46:05.238 [java] [DEBUG] ***** END *****
07-01-2022 14:46:06.150 [Gauge] [DEBUG] Checking updates...
07-01-2022 14:46:06.153 [Gauge] [DEBUG] Downloading https://downloads.gauge.org/plugin/flash?l=java&p=flash,html-report,java,screenshot&o=windows&a=amd64
07-01-2022 14:46:07.382 [Gauge] [DEBUG] Downloading https://downloads.gauge.org/plugin/html-report?l=java&p=flash,html-report,java,screenshot&o=windows&a=amd64
07-01-2022 14:46:07.790 [Gauge] [DEBUG] Downloading https://downloads.gauge.org/plugin/java?l=java&p=flash,html-report,java,screenshot&o=windows&a=amd64
07-01-2022 14:46:08.202 [Gauge] [DEBUG] Downloading https://downloads.gauge.org/plugin/screenshot?l=java&p=flash,html-report,java,screenshot&o=windows&a=amd64
07-01-2022 14:46:09.605 [java] [DEBUG] classpath set to C:\Program Files\Java\jdk1.8.0_251\jre\lib\charsets.jar;C:\Program Files\Java\jdk1.8.0_251\jre\lib\deploy.jar;C:\Program Files\Java\jdk1.8.0_251\jre\lib\ext\access-bridge-64.jar;C:\Program Files\Java\jdk1.8.0_251\jre\lib\ext\cldrdata.jar;C:\Program Files\Java\jdk1.8.0_251\jre\lib\ext\dnsns.jar;C:\Program Files\Java\jdk1.8.0_251\jre\lib\ext\jaccess.jar;C:\Program Files\Java\jdk1.8.0_251\jre\lib\ext\jfxrt.jar;C:\Program Files\Java\jdk1.8.0_251\jre\lib\ext\localedata.jar;C:\Program Files\Java\jdk1.8.0_251\jre\lib\ext\nashorn.jar;C:\Program Files\Java\jdk1.8.0_251\jre\lib\ext\sunec.jar;C:\Program Files\Java\jdk1.8.0_251\jre\lib\ext\sunjce_provider.jar;C:\Program Files\Java\jdk1.8.0_251\jre\lib\ext\sunmscapi.jar;C:\Program Files\Java\jdk1.8.0_251\jre\lib\ext\sunpkcs11.jar;C:\Program Files\Java\jdk1.8.0_251\jre\lib\ext\zipfs.jar;C:\Program Files\Java\jdk1.8.0_251\jre\lib\javaws.jar;C:\Program Files\Java\jdk1.8.0_251\jre\lib\jce.jar;C:\Program Files\Java\jdk1.8.0_251\jre\lib\jfr.jar;C:\Program Files\Java\jdk1.8.0_251\jre\lib\jfxswt.jar;C:\Program Files\Java\jdk1.8.0_251\jre\lib\jsse.jar;C:\Program Files\Java\jdk1.8.0_251\jre\lib\management-agent.jar;C:\Program Files\Java\jdk1.8.0_251\jre\lib\plugin.jar;C:\Program Files\Java\jdk1.8.0_251\jre\lib\resources.jar;C:\Program Files\Java\jdk1.8.0_251\jre\lib\rt.jar;C:\Users\navin\Desktop\Projects\GaugeProjectTest\target\test-classes;C:\Users\navin\.m2\repository\com\thoughtworks\gauge\gauge-java\0.7.15\gauge-java-0.7.15.jar;C:\Users\navin\.m2\repository\com\github\javaparser\javaparser-core\3.16.3\javaparser-core-3.16.3.jar;C:\Users\navin\.m2\repository\commons-io\commons-io\2.8.0\commons-io-2.8.0.jar;C:\Users\navin\.m2\repository\commons-lang\commons-lang\2.6\commons-lang-2.6.jar;C:\Users\navin\.m2\repository\org\json\json\20210307\json-20210307.jar;C:\Users\navin\.m2\repository\com\google\protobuf\protobuf-java\3.15.8\protobuf-java-3.15.8.jar;C:\Users\navin\.m2\repository\com\google\guava\guava\30.1.1-jre\guava-30.1.1-jre.jar;C:\Users\navin\.m2\repository\com\google\guava\failureaccess\1.0.1\failureaccess-1.0.1.jar;C:\Users\navin\.m2\repository\com\google\guava\listenablefuture\9999.0-empty-to-avoid-conflict-with-guava\listenablefuture-9999.0-empty-to-avoid-conflict-with-guava.jar;C:\Users\navin\.m2\repository\com\google\code\findbugs\jsr305\3.0.2\jsr305-3.0.2.jar;C:\Users\navin\.m2\repository\org\checkerframework\checker-qual\3.8.0\checker-qual-3.8.0.jar;C:\Users\navin\.m2\repository\com\google\errorprone\error_prone_annotations\2.5.1\error_prone_annotations-2.5.1.jar;C:\Users\navin\.m2\repository\com\google\j2objc\j2objc-annotations\1.3\j2objc-annotations-1.3.jar;C:\Users\navin\.m2\repository\io\grpc\grpc-netty-shaded\1.37.0\grpc-netty-shaded-1.37.0.jar;C:\Users\navin\.m2\repository\io\grpc\grpc-core\1.37.0\grpc-core-1.37.0.jar;C:\Users\navin\.m2\repository\com\google\android\annotations\4.1.1.4\annotations-4.1.1.4.jar;C:\Users\navin\.m2\repository\io\perfmark\perfmark-api\0.23.0\perfmark-api-0.23.0.jar;C:\Users\navin\.m2\repository\io\grpc\grpc-protobuf\1.37.0\grpc-protobuf-1.37.0.jar;C:\Users\navin\.m2\repository\io\grpc\grpc-api\1.37.0\grpc-api-1.37.0.jar;C:\Users\navin\.m2\repository\io\grpc\grpc-context\1.37.0\grpc-context-1.37.0.jar;C:\Users\navin\.m2\repository\com\google\api\grpc\proto-google-common-protos\2.0.1\proto-google-common-protos-2.0.1.jar;C:\Users\navin\.m2\repository\io\grpc\grpc-protobuf-lite\1.37.0\grpc-protobuf-lite-1.37.0.jar;C:\Users\navin\.m2\repository\org\codehaus\mojo\animal-sniffer-annotations\1.19\animal-sniffer-annotations-1.19.jar;C:\Users\navin\.m2\repository\io\grpc\grpc-stub\1.37.0\grpc-stub-1.37.0.jar;C:\Users\navin\.m2\repository\javax\annotation\javax.annotation-api\1.3.2\javax.annotation-api-1.3.2.jar;C:\Users\navin\.m2\repository\org\assertj\assertj-core\3.10.0\assertj-core-3.10.0.jar;C:\Users\navin\.m2\repository\org\seleniumhq\selenium\selenium-java\3.12.0\selenium-java-3.12.0.jar;C:\Users\navin\.m2\repository\org\seleniumhq\selenium\selenium-api\3.12.0\selenium-api-3.12.0.jar;C:\Users\navin\.m2\repository\org\seleniumhq\selenium\selenium-chrome-utils\3.12.0\selenium-chrome-utils-3.12.0.jar;C:\Users\navin\.m2\repository\org\seleniumhq\selenium\selenium-edge-utils\3.12.0\selenium-edge-utils-3.12.0.jar;C:\Users\navin\.m2\repository\org\seleniumhq\selenium\selenium-firefox-utils\3.12.0\selenium-firefox-utils-3.12.0.jar;C:\Users\navin\.m2\repository\org\seleniumhq\selenium\selenium-ie-utils\3.12.0\selenium-ie-utils-3.12.0.jar;C:\Users\navin\.m2\repository\org\seleniumhq\selenium\selenium-opera-utils\3.12.0\selenium-opera-utils-3.12.0.jar;C:\Users\navin\.m2\repository\org\seleniumhq\selenium\selenium-remote-utils\3.12.0\selenium-remote-utils-3.12.0.jar;C:\Users\navin\.m2\repository\org\seleniumhq\selenium\selenium-safari-utils\3.12.0\selenium-safari-utils-3.12.0.jar;C:\Users\navin\.m2\repository\org\seleniumhq\selenium\selenium-support\3.12.0\selenium-support-3.12.0.jar;C:\Users\navin\.m2\repository\net\bytebuddy\byte-buddy\1.8.3\byte-buddy-1.8.3.jar;C:\Users\navin\.m2\repository\org\apache\commons\commons-exec\1.3\commons-exec-1.3.jar;C:\Users\navin\.m2\repository\commons-codec\commons-codec\1.10\commons-codec-1.10.jar;C:\Users\navin\.m2\repository\commons-logging\commons-logging\1.2\commons-logging-1.2.jar;C:\Users\navin\.m2\repository\com\google\code\gson\gson\2.8.2\gson-2.8.2.jar;C:\Users\navin\.m2\repository\org\apache\httpcomponents\httpclient\4.5.3\httpclient-4.5.3.jar;C:\Users\navin\.m2\repository\org\apache\httpcomponents\httpcore\4.4.6\httpcore-4.4.6.jar;C:\Users\navin\.m2\repository\com\squareup\okhttp3\okhttp\3.9.1\okhttp-3.9.1.jar;C:\Users\navin\.m2\repository\com\squareup\okio\okio\1.13.0\okio-1.13.0.jar;C:\Users\navin\.m2\repository\io\github\bonigarcia\webdrivermanager\3.7.1\webdrivermanager-3.7.1.jar;C:\Users\navin\.m2\repository\org\slf4j\slf4j-api\1.7.25\slf4j-api-1.7.25.jar;C:\Users\navin\.m2\repository\org\apache\commons\commons-lang3\3.8.1\commons-lang3-3.8.1.jar;C:\Users\navin\.m2\repository\org\rauschig\jarchivelib\1.0.0\jarchivelib-1.0.0.jar;C:\Users\navin\.m2\repository\org\apache\commons\commons-compress\1.18\commons-compress-1.18.jar;C:\Users\navin\.m2\repository\org\jsoup\jsoup\1.11.3\jsoup-1.11.3.jar;C:\Users\navin\.m2\repository\org\reflections\reflections\0.9.10\reflections-0.9.10.jar;C:\Users\navin\.m2\repository\org\javassist\javassist\3.19.0-GA\javassist-3.19.0-GA.jar;C:\Users\navin\.m2\repository\com\google\code\findbugs\annotations\2.0.1\annotations-2.0.1.jar
07-01-2022 14:46:09.730 [java] [DEBUG] found java executable in C:\Program Files\Java\jdk1.8.0_251\jre\bin\java.exe
07-01-2022 14:46:09.730 [java] [DEBUG] running - C:\Program Files\Java\jdk1.8.0_251\jre\bin\java.exe [-Dfile.encoding=UTF-8 com.thoughtworks.gauge.GaugeRuntime --start]
07-01-2022 14:46:09.730 [java] [DEBUG] stdout/stderr is logged to logs\13416-java.exe.out
07-01-2022 14:46:10.171 [java] [DEBUG] multithreading is set to false
07-01-2022 14:46:10.845 [java] [DEBUG] Using reflection to scan dependencies for gauge implementations...
07-01-2022 14:46:10.944 [java] [ERROR] SLF4J: Failed to load class "org.slf4j.impl.StaticLoggerBinder".
07-01-2022 14:46:10.944 [java] [ERROR] SLF4J: Defaulting to no-operation (NOP) logger implementation
07-01-2022 14:46:10.944 [java] [ERROR] SLF4J: See http://www.slf4j.org/codes.html#StaticLoggerBinder for further details.
07-01-2022 14:46:11.556 [java] [DEBUG] gauge-java took 1381milliseconds to load and scan. This should be less than 'runner_connection_timeout' config value.
07-01-2022 14:46:11.556 [java] [DEBUG] run 'gauge config runner_connection_timeout' and verify that it is < 1381
07-01-2022 14:46:11.559 [java] [DEBUG] starting gRPC server...
07-01-2022 14:46:12.152 [java] [DEBUG] started gRPC server on port 64265
07-01-2022 14:46:12.152 [Gauge] [DEBUG] Attempting to connect to grpc server at port: 64265
07-01-2022 14:46:12.349 [Gauge] [DEBUG] Successfully made the connection with runner with port: 64265
07-01-2022 14:46:12.349 [Gauge] [DEBUG] Validation started.
07-01-2022 14:46:15.517 [java] [DEBUG] Scanning packages for steps
07-01-2022 14:46:15.539 [java] [DEBUG] Comparing 'StepImplementation.ensureInstallationInstructionsAreAvailable' and 'StepImplementation.ensureInstallationInstructionsAreAvailable'
07-01-2022 14:46:15.539 [java] [DEBUG] Found Ensure installation instructions are available in current project scope.
07-01-2022 14:46:15.539 [java] [DEBUG] Comparing 'StepImplementation.gotoGetStartedPage' and 'StepImplementation.gotoGetStartedPage'
07-01-2022 14:46:15.539 [java] [DEBUG] Found Go to Gauge Get Started Page in current project scope.
07-01-2022 14:46:15.539 [java] [DEBUG] Comparing 'StepImplementation.implementation1' and 'StepImplementation.implementation1'
07-01-2022 14:46:15.539 [java] [DEBUG] Found Open the Gauge homepage in current project scope.
07-01-2022 14:46:15.539 [java] [DEBUG] Scanning packages for hooks
07-01-2022 14:46:15.549 [java] [DEBUG] Scanned steps (using static parsing + reflections): 
07-01-2022 14:46:15.549 [java] [DEBUG] 	Open the Gauge homepage : public void implementation1()
07-01-2022 14:46:15.549 [java] [DEBUG] 	Go to Gauge Get Started Page : public void gotoGetStartedPage() throws InterruptedException
07-01-2022 14:46:15.549 [java] [DEBUG] 	Ensure installation instructions are available : public void ensureInstallationInstructionsAreAvailable() throws InterruptedException
07-01-2022 14:46:18.604 [Gauge] [DEBUG] Validation completed.
07-01-2022 14:46:18.605 [Gauge] [DEBUG] Run started
07-01-2022 14:46:18.606 [Gauge] [DEBUG] Starting Html Report plugin
07-01-2022 14:46:18.730 [Gauge] [DEBUG] Attempting to connect to grpc server at port: 64268
07-01-2022 14:46:19.751 [Gauge] [DEBUG] Successfully made the connection with plugin with port: 64268
07-01-2022 14:46:19.751 [Gauge] [DEBUG] Initialising suite data store.
07-01-2022 14:46:59.304 [java] [ERROR] Starting ChromeDriver 97.0.4692.71 (adefa7837d02a07a604c1e6eff0b3a09422ab88d-refs/branch-heads/4692@{#1247}) on port 15025
07-01-2022 14:46:59.304 [java] [ERROR] Only local connections are allowed.
07-01-2022 14:46:59.304 [java] [ERROR] Please see https://chromedriver.chromium.org/security-considerations for suggestions on keeping ChromeDriver safe.
07-01-2022 14:46:59.333 [java] [ERROR] ChromeDriver was started successfully.
07-01-2022 14:47:02.890 [java] [ERROR] Jan 07, 2022 2:47:02 PM org.openqa.selenium.remote.ProtocolHandshake createSession
07-01-2022 14:47:02.890 [java] [ERROR] INFO: Detected dialect: W3C
07-01-2022 14:47:02.992 [java] [DEBUG] Executing 'Open the Gauge homepage' using 'class StepImplementation.implementation1
07-01-2022 14:47:15.431 [java] [DEBUG] Executing 'Go to Gauge Get Started Page' using 'class StepImplementation.gotoGetStartedPage
07-01-2022 14:47:23.803 [java] [DEBUG] Executing 'Ensure installation instructions are available' using 'class StepImplementation.ensureInstallationInstructionsAreAvailable
07-01-2022 14:47:25.001 [html-report] [DEBUG] Transformed SuiteResult to report structure
07-01-2022 14:47:25.286 [html-report] [INFO] Successfully generated html-report to => C:\Users\navin\Desktop\Projects\GaugeProjectTest\reports\html-report\index.html
07-01-2022 14:47:25.287 [Gauge] [DEBUG] Sending kill message to Html Report plugin.
07-01-2022 14:47:25.287 [html-report] [DEBUG] Done generating HTML report using theme from C:\Users\navin\AppData\Roaming\gauge\plugins\html-report\4.1.2\themes\default
07-01-2022 14:47:25.290 [java] [DEBUG] Killing Java runner...
07-01-2022 14:47:25.293 [java] [DEBUG] Stopping execution pool...
07-01-2022 14:47:25.293 [java] [DEBUG] Shutting down grpc server...
07-01-2022 14:47:25.312 [java] [DEBUG] Runner killed gracefully.
07-01-2022 14:47:26.077 [Gauge] [DEBUG] Runner with PID:13416 has exited
07-01-2022 14:47:26.077 [Gauge] [INFO] Specifications:	1 executed	1 passed	0 failed	0 skipped
07-01-2022 14:47:26.077 [Gauge] [INFO] Scenarios:	1 executed	1 passed	0 failed	0 skipped
07-01-2022 14:47:26.077 [Gauge] [INFO] 
Total time taken: 1m6.393s
